[package 1] Starting COBYLA on 8 qubits (5 coverage + 3 slack), shots=256, maxiter=40
Traceback (most recent call last):
  File "/Users/willott/School/RESEARCH/YQuantum/SOLUTIONS/heuristics.py", line 531, in <module>
    main()
    ~~~~^^
  File "/Users/willott/School/RESEARCH/YQuantum/SOLUTIONS/heuristics.py", line 517, in main
    return _run_qaoa(
        n=args.n,
    ...<7 lines>...
        solutions_dir=SOLUTIONS_DIR,
    )
  File "/Users/willott/School/RESEARCH/YQuantum/SOLUTIONS/heuristics.py", line 406, in _run_qaoa
    result = qaoa.optimize_block(
        block,
    ...<4 lines>...
        evaluation_callback=on_evaluation,
    )
  File "/Users/willott/School/RESEARCH/YQuantum/SOLUTIONS/qaoa.py", line 884, in optimize_block
    return optimize_block_cobyla(
        block,
    ...<4 lines>...
        evaluation_callback=evaluation_callback,
    )
  File "/Users/willott/School/RESEARCH/YQuantum/SOLUTIONS/qaoa.py", line 737, in optimize_block_cobyla
    minimize(objective, theta0, method="COBYLA", options={"maxiter": int(COBYLA_MAXITER)})
    ~~~~~~~~^^^^^^^^^^^^^^^^^^^^^^^^^^^^^^^^^^^^^^^^^^^^^^^^^^^^^^^^^^^^^^^^^^^^^^^^^^^^^^
  File "/Users/willott/School/RESEARCH/YQuantum/subprojects/will/visualizations/qubo_vis/.venv_export/lib/python3.14/site-packages/scipy/optimize/_minimize.py", line 790, in minimize
    res = _minimize_cobyla(fun, x0, args, constraints, callback=callback,
                           bounds=bounds, **options)
  File "/Users/willott/School/RESEARCH/YQuantum/subprojects/will/visualizations/qubo_vis/.venv_export/lib/python3.14/site-packages/scipy/optimize/_cobyla_py.py", line 245, in _minimize_cobyla
    sf = _prepare_scalar_function(fun, x0, args=args, jac=_jac)
  File "/Users/willott/School/RESEARCH/YQuantum/subprojects/will/visualizations/qubo_vis/.venv_export/lib/python3.14/site-packages/scipy/optimize/_optimize.py", line 310, in _prepare_scalar_function
    sf = ScalarFunction(fun, x0, args, grad, hess,
                        finite_diff_rel_step, bounds, epsilon=epsilon,
                        workers=workers)
  File "/Users/willott/School/RESEARCH/YQuantum/subprojects/will/visualizations/qubo_vis/.venv_export/lib/python3.14/site-packages/scipy/optimize/_differentiable_functions.py", line 283, in __init__
    self._update_fun()
    ~~~~~~~~~~~~~~~~^^
  File "/Users/willott/School/RESEARCH/YQuantum/subprojects/will/visualizations/qubo_vis/.venv_export/lib/python3.14/site-packages/scipy/optimize/_differentiable_functions.py", line 362, in _update_fun
    fx = self._wrapped_fun(self.x)
  File "/Users/willott/School/RESEARCH/YQuantum/subprojects/will/visualizations/qubo_vis/.venv_export/lib/python3.14/site-packages/scipy/_lib/_util.py", line 603, in __call__
    fx = self.f(np.copy(x), *self.args)
  File "/Users/willott/School/RESEARCH/YQuantum/SOLUTIONS/qaoa.py", line 697, in objective
    stats = _run_qaoa_on_block(
        block,
    ...<4 lines>...
        execution_target=execution_target,
    )
  File "/Users/willott/School/RESEARCH/YQuantum/SOLUTIONS/qaoa.py", line 645, in _run_qaoa_on_block
    return _run_qaoa_locally(block, source, shots=shots, seed=seed)
  File "/Users/willott/School/RESEARCH/YQuantum/SOLUTIONS/qaoa.py", line 262, in _run_qaoa_locally
    with _loaded_qaoa_kernel_from_source(source) as kernel:
         ~~~~~~~~~~~~~~~~~~~~~~~~~~~~~~~^^^^^^^^
  File "/opt/homebrew/Cellar/python@3.14/3.14.3_1/Frameworks/Python.framework/Versions/3.14/lib/python3.14/contextlib.py", line 141, in __enter__
    return next(self.gen)
  File "/Users/willott/School/RESEARCH/YQuantum/SOLUTIONS/qaoa.py", line 246, in _loaded_qaoa_kernel_from_source
    spec.loader.exec_module(module)
    ~~~~~~~~~~~~~~~~~~~~~~~^^^^^^^^
  File "<frozen importlib._bootstrap_external>", line 759, in exec_module
  File "<frozen importlib._bootstrap>", line 491, in _call_with_frames_removed
  File "/var/folders/ls/fms28jdj4nl7r6zw378ltvv40000gn/T/tmpn_xl4ydp_qaoa_dynamic.py", line 1, in <module>
ModuleNotFoundError: No module named 'guppylang'
